#
# There is insufficient memory for the Java Runtime Environment to continue.
# Native memory allocation (malloc) failed to allocate 1557528 bytes. Error detail: Chunk::new
# Possible reasons:
#   The system is out of physical RAM or swap space
#   This process is running with CompressedOops enabled, and the Java Heap may be blocking the growth of the native heap
# Possible solutions:
#   Reduce memory load on the system
#   Increase physical memory or swap space
#   Check if swap backing store is full
#   Decrease Java heap size (-Xmx/-Xms)
#   Decrease number of Java threads
#   Decrease Java thread stack sizes (-Xss)
#   Set larger code cache with -XX:ReservedCodeCacheSize=
#   JVM is running with Unscaled Compressed Oops mode in which the Java heap is
#     placed in the first 4GB address space. The Java Heap base address is the
#     maximum limit for the native heap growth. Please use -XX:HeapBaseMinAddress
#     to set the Java Heap base and to place the Java Heap above 4GB virtual address.
# This output file may be truncated or incomplete.
#
#  Out of Memory Error (arena.cpp:186), pid=37088, tid=48604
#
# JRE version: OpenJDK Runtime Environment JBR-25.0.2+1-329.117-jcef (25.0.2+1) (build 25.0.2+1-b329.117)
# Java VM: OpenJDK 64-Bit Server VM JBR-25.0.2+1-329.117-jcef (25.0.2+1-b329.117, mixed mode, sharing, tiered, compressed oops, compressed class ptrs, g1 gc, windows-amd64)
# No core dump will be written. Minidumps are not enabled by default on client versions of Windows
#

---------------  S U M M A R Y ------------

Command Line: git4idea.http.GitAskPassApp Password for 'https://github.com': 

Host: AMD Ryzen 5 5500U with Radeon Graphics         , 12 cores, 7G,  Windows 11 , 64 bit Build 26100 (10.0.26100.8328)
Time: Thu Jun 11 16:28:20 2026 Hora estándar de Argentina elapsed time: 3.758728 seconds (0d 0h 0m 3s)

---------------  T H R E A D  ---------------

Current thread (0x000002717e4ec120):  JavaThread "C2 CompilerThread0" daemon [_thread_in_native, id=48604, stack(0x000000d2f4900000,0x000000d2f4a00000) (1024K)]


Current CompileTask:
C2:3758  258       4       java.lang.StringLatin1::toUpperCase (219 bytes)

Stack: [0x000000d2f4900000,0x000000d2f4a00000]
Native frames: (J=compiled Java code, j=interpreted, Vv=VM code, C=native code)
V  [jvm.dll+0x7c0cc9]  (no source info available)
V  [jvm.dll+0x78a49d]  (no source info available)
V  [jvm.dll+0xa0e693]  (no source info available)
V  [jvm.dll+0xa10e8c]  (no source info available)
V  [jvm.dll+0xa11583]  (no source info available)
V  [jvm.dll+0x307b46]  (no source info available)
V  [jvm.dll+0x114676]  (no source info available)
V  [jvm.dll+0x1149a6]  (no source info available)
V  [jvm.dll+0x1a9114]  (no source info available)
V  [jvm.dll+0x3c1102]  (no source info available)
V  [jvm.dll+0x7c6628]  (no source info available)
V  [jvm.dll+0x2c9c67]  (no source info available)
V  [jvm.dll+0x2c8bdb]  (no source info available)
V  [jvm.dll+0x240560]  (no source info available)
V  [jvm.dll+0x2d8c64]  (no source info available)
V  [jvm.dll+0x2d6e8b]  (no source info available)
V  [jvm.dll+0x49dbc5]  (no source info available)
V  [jvm.dll+0x9ae57d]  (no source info available)
V  [jvm.dll+0x7bf1e5]  (no source info available)
C  [ucrtbase.dll+0x37b0]  (no source info available)
C  [KERNEL32.DLL+0x2e957]  (no source info available)
C  [ntdll.dll+0x427c]  (no source info available)

Lock stack of current Java thread (top to bottom):


---------------  P R O C E S S  ---------------

Threads class SMR info:
_java_thread_list=0x000002717e6c8ef0, length=11, elements={
0x00000271727348a0, 0x000002717e4da6e0, 0x000002717e4e0300, 0x000002717e4e1160,
0x000002717e4e2d30, 0x000002717e4e38f0, 0x000002717e4e5470, 0x000002717e4e6030,
0x000002717e4ec120, 0x000002717e5241a0, 0x000002717e6cc080
}

Java Threads: ( => current thread )
  0x00000271727348a0 JavaThread "main"                              [_thread_in_vm, id=81656, stack(0x000000d2f3a00000,0x000000d2f3b00000) (1024K)]
  0x000002717e4da6e0 JavaThread "Common-Cleaner"             daemon [_thread_blocked, id=65300, stack(0x000000d2f4200000,0x000000d2f4300000) (1024K)]
  0x000002717e4e0300 JavaThread "Reference Handler"          daemon [_thread_blocked, id=81900, stack(0x000000d2f4300000,0x000000d2f4400000) (1024K)]
  0x000002717e4e1160 JavaThread "Finalizer"                  daemon [_thread_blocked, id=81416, stack(0x000000d2f4400000,0x000000d2f4500000) (1024K)]
  0x000002717e4e2d30 JavaThread "Signal Dispatcher"          daemon [_thread_blocked, id=81412, stack(0x000000d2f4500000,0x000000d2f4600000) (1024K)]
  0x000002717e4e38f0 JavaThread "Attach Listener"            daemon [_thread_blocked, id=54664, stack(0x000000d2f4600000,0x000000d2f4700000) (1024K)]
  0x000002717e4e5470 JavaThread "Service Thread"             daemon [_thread_blocked, id=39328, stack(0x000000d2f4700000,0x000000d2f4800000) (1024K)]
  0x000002717e4e6030 JavaThread "Monitor Deflation Thread"   daemon [_thread_blocked, id=82436, stack(0x000000d2f4800000,0x000000d2f4900000) (1024K)]
=>0x000002717e4ec120 JavaThread "C2 CompilerThread0"         daemon [_thread_in_native, id=48604, stack(0x000000d2f4900000,0x000000d2f4a00000) (1024K)]
  0x000002717e5241a0 JavaThread "C1 CompilerThread0"         daemon [_thread_blocked, id=79708, stack(0x000000d2f4a00000,0x000000d2f4b00000) (1024K)]
  0x000002717e6cc080 JavaThread "Notification Thread"        daemon [_thread_blocked, id=82184, stack(0x000000d2f4b00000,0x000000d2f4c00000) (1024K)]
Total: 11

Other Threads:
  0x000002717e4c6db0 VMThread "VM Thread"                           [id=82416, stack(0x000000d2f4100000,0x000000d2f4200000) (1024K)]
  0x000002717e4b6f00 WatcherThread "VM Periodic Task Thread"        [id=82392, stack(0x000000d2f4000000,0x000000d2f4100000) (1024K)]
  0x0000027174b162f0 WorkerThread "GC Thread#0"                     [id=28632, stack(0x000000d2f3b00000,0x000000d2f3c00000) (1024K)]
  0x0000027174b2f820 ConcurrentGCThread "G1 Main Marker"            [id=54180, stack(0x000000d2f3c00000,0x000000d2f3d00000) (1024K)]
  0x0000027174b310b0 WorkerThread "G1 Conc#0"                       [id=82120, stack(0x000000d2f3d00000,0x000000d2f3e00000) (1024K)]
  0x0000027174b7e890 ConcurrentGCThread "G1 Refine#0"               [id=82112, stack(0x000000d2f3e00000,0x000000d2f3f00000) (1024K)]
  0x000002717e37c500 ConcurrentGCThread "G1 Service"                [id=82128, stack(0x000000d2f3f00000,0x000000d2f4000000) (1024K)]
Total: 7

Threads with active compile tasks:
C2 CompilerThread0  3966  258       4       java.lang.StringLatin1::toUpperCase (219 bytes)
Total: 1

VM state: not at safepoint (normal execution)

VM Mutex/Monitor currently owned by a thread: None

Heap address: 0x000000008ac00000, size: 1876 MB, Compressed Oops mode: 32-bit

CDS archive(s) mapped at: [0x0000000037000000-0x0000000038cd0000-0x0000000038cd0000), size 30212096, SharedBaseAddress: 0x0000000037000000, ArchiveRelocationMode: 1.
Compressed class space mapped at: 0x0000000039000000-0x0000000079000000, reserved size: 1073741824
UseCompressedClassPointers 1, UseCompactObjectHeaders 0
Narrow klass pointer bits 32, Max shift 3
Narrow klass base: 0x0000000037000000, Narrow klass shift: 0
Encoding Range: [0x0000000037000000 - 0x0000000137000000), (4294967296 bytes)
Klass Range:    [0x0000000037010000 - 0x0000000079000000), (1107230720 bytes)
Klass ID Range:  [65536 - 1107296249) (1107230713)
Protection zone: [0x0000000037000000 - 0x0000000037010000), (65536 bytes)

GC Precious Log:
 CardTable entry size: 512
 Card Set container configuration: InlinePtr #cards 5 size 8 Array Of Cards #cards 10 size 36 Howl #buckets 4 coarsen threshold 1843 Howl Bitmap #cards 512 size 80 coarsen threshold 460 Card regions per heap region 1 cards per card region 2048
 CPUs: 12 total, 12 available
 Memory: 7501M
 Large Page Support: Disabled
 NUMA Support: Disabled
 Compressed Oops: Enabled (32-bit)
 Heap Region Size: 1M
 Heap Min Capacity: 8M
 Heap Initial Capacity: 118M
 Heap Max Capacity: 1876M
 Pre-touch: Disabled
 Parallel Workers: 10
 Concurrent Workers: 3
 Concurrent Refinement Workers: 10
 Periodic GC: Disabled

Heap:
 garbage-first heap   total reserved 1921024K, committed 123904K, used 5380K [0x000000008ac00000, 0x0000000100000000)
  region size 1024K, 4 young (4096K), 0 survivors (0K)

Heap Regions: E=young(eden), S=young(survivor), O=old, HS=humongous(starts), HC=humongous(continues), CS=collection set, F=free, TAMS=top-at-mark-start, PB=parsable bottom
|   0|0x000000008ac00000, 0x000000008ac00000, 0x000000008ad00000|  0%| F|  |TAMS 0x000000008ac00000| PB 0x000000008ac00000| Untracked |  0
|   1|0x000000008ad00000, 0x000000008ad00000, 0x000000008ae00000|  0%| F|  |TAMS 0x000000008ad00000| PB 0x000000008ad00000| Untracked |  0
|   2|0x000000008ae00000, 0x000000008ae00000, 0x000000008af00000|  0%| F|  |TAMS 0x000000008ae00000| PB 0x000000008ae00000| Untracked |  0
|   3|0x000000008af00000, 0x000000008af00000, 0x000000008b000000|  0%| F|  |TAMS 0x000000008af00000| PB 0x000000008af00000| Untracked |  0
|   4|0x000000008b000000, 0x000000008b000000, 0x000000008b100000|  0%| F|  |TAMS 0x000000008b000000| PB 0x000000008b000000| Untracked |  0
|   5|0x000000008b100000, 0x000000008b100000, 0x000000008b200000|  0%| F|  |TAMS 0x000000008b100000| PB 0x000000008b100000| Untracked |  0
|   6|0x000000008b200000, 0x000000008b200000, 0x000000008b300000|  0%| F|  |TAMS 0x000000008b200000| PB 0x000000008b200000| Untracked |  0
|   7|0x000000008b300000, 0x000000008b300000, 0x000000008b400000|  0%| F|  |TAMS 0x000000008b300000| PB 0x000000008b300000| Untracked |  0
|   8|0x000000008b400000, 0x000000008b400000, 0x000000008b500000|  0%| F|  |TAMS 0x000000008b400000| PB 0x000000008b400000| Untracked |  0
|   9|0x000000008b500000, 0x000000008b500000, 0x000000008b600000|  0%| F|  |TAMS 0x000000008b500000| PB 0x000000008b500000| Untracked |  0
|  10|0x000000008b600000, 0x000000008b600000, 0x000000008b700000|  0%| F|  |TAMS 0x000000008b600000| PB 0x000000008b600000| Untracked |  0
|  11|0x000000008b700000, 0x000000008b700000, 0x000000008b800000|  0%| F|  |TAMS 0x000000008b700000| PB 0x000000008b700000| Untracked |  0
|  12|0x000000008b800000, 0x000000008b800000, 0x000000008b900000|  0%| F|  |TAMS 0x000000008b800000| PB 0x000000008b800000| Untracked |  0
|  13|0x000000008b900000, 0x000000008b900000, 0x000000008ba00000|  0%| F|  |TAMS 0x000000008b900000| PB 0x000000008b900000| Untracked |  0
|  14|0x000000008ba00000, 0x000000008ba00000, 0x000000008bb00000|  0%| F|  |TAMS 0x000000008ba00000| PB 0x000000008ba00000| Untracked |  0
|  15|0x000000008bb00000, 0x000000008bb00000, 0x000000008bc00000|  0%| F|  |TAMS 0x000000008bb00000| PB 0x000000008bb00000| Untracked |  0
|  16|0x000000008bc00000, 0x000000008bc00000, 0x000000008bd00000|  0%| F|  |TAMS 0x000000008bc00000| PB 0x000000008bc00000| Untracked |  0
|  17|0x000000008bd00000, 0x000000008bd00000, 0x000000008be00000|  0%| F|  |TAMS 0x000000008bd00000| PB 0x000000008bd00000| Untracked |  0
|  18|0x000000008be00000, 0x000000008be00000, 0x000000008bf00000|  0%| F|  |TAMS 0x000000008be00000| PB 0x000000008be00000| Untracked |  0
|  19|0x000000008bf00000, 0x000000008bf00000, 0x000000008c000000|  0%| F|  |TAMS 0x000000008bf00000| PB 0x000000008bf00000| Untracked |  0
|  20|0x000000008c000000, 0x000000008c000000, 0x000000008c100000|  0%| F|  |TAMS 0x000000008c000000| PB 0x000000008c000000| Untracked |  0
|  21|0x000000008c100000, 0x000000008c100000, 0x000000008c200000|  0%| F|  |TAMS 0x000000008c100000| PB 0x000000008c100000| Untracked |  0
|  22|0x000000008c200000, 0x000000008c200000, 0x000000008c300000|  0%| F|  |TAMS 0x000000008c200000| PB 0x000000008c200000| Untracked |  0
|  23|0x000000008c300000, 0x000000008c300000, 0x000000008c400000|  0%| F|  |TAMS 0x000000008c300000| PB 0x000000008c300000| Untracked |  0
|  24|0x000000008c400000, 0x000000008c400000, 0x000000008c500000|  0%| F|  |TAMS 0x000000008c400000| PB 0x000000008c400000| Untracked |  0
|  25|0x000000008c500000, 0x000000008c500000, 0x000000008c600000|  0%| F|  |TAMS 0x000000008c500000| PB 0x000000008c500000| Untracked |  0
|  26|0x000000008c600000, 0x000000008c600000, 0x000000008c700000|  0%| F|  |TAMS 0x000000008c600000| PB 0x000000008c600000| Untracked |  0
|  27|0x000000008c700000, 0x000000008c700000, 0x000000008c800000|  0%| F|  |TAMS 0x000000008c700000| PB 0x000000008c700000| Untracked |  0
|  28|0x000000008c800000, 0x000000008c800000, 0x000000008c900000|  0%| F|  |TAMS 0x000000008c800000| PB 0x000000008c800000| Untracked |  0
|  29|0x000000008c900000, 0x000000008c900000, 0x000000008ca00000|  0%| F|  |TAMS 0x000000008c900000| PB 0x000000008c900000| Untracked |  0
|  30|0x000000008ca00000, 0x000000008ca00000, 0x000000008cb00000|  0%| F|  |TAMS 0x000000008ca00000| PB 0x000000008ca00000| Untracked |  0
|  31|0x000000008cb00000, 0x000000008cb00000, 0x000000008cc00000|  0%| F|  |TAMS 0x000000008cb00000| PB 0x000000008cb00000| Untracked |  0
|  32|0x000000008cc00000, 0x000000008cc00000, 0x000000008cd00000|  0%| F|  |TAMS 0x000000008cc00000| PB 0x000000008cc00000| Untracked |  0
|  33|0x000000008cd00000, 0x000000008cd00000, 0x000000008ce00000|  0%| F|  |TAMS 0x000000008cd00000| PB 0x000000008cd00000| Untracked |  0
|  34|0x000000008ce00000, 0x000000008ce00000, 0x000000008cf00000|  0%| F|  |TAMS 0x000000008ce00000| PB 0x000000008ce00000| Untracked |  0
|  35|0x000000008cf00000, 0x000000008cf00000, 0x000000008d000000|  0%| F|  |TAMS 0x000000008cf00000| PB 0x000000008cf00000| Untracked |  0
|  36|0x000000008d000000, 0x000000008d000000, 0x000000008d100000|  0%| F|  |TAMS 0x000000008d000000| PB 0x000000008d000000| Untracked |  0
|  37|0x000000008d100000, 0x000000008d100000, 0x000000008d200000|  0%| F|  |TAMS 0x000000008d100000| PB 0x000000008d100000| Untracked |  0
|  38|0x000000008d200000, 0x000000008d200000, 0x000000008d300000|  0%| F|  |TAMS 0x000000008d200000| PB 0x000000008d200000| Untracked |  0
|  39|0x000000008d300000, 0x000000008d300000, 0x000000008d400000|  0%| F|  |TAMS 0x000000008d300000| PB 0x000000008d300000| Untracked |  0
|  40|0x000000008d400000, 0x000000008d400000, 0x000000008d500000|  0%| F|  |TAMS 0x000000008d400000| PB 0x000000008d400000| Untracked |  0
|  41|0x000000008d500000, 0x000000008d500000, 0x000000008d600000|  0%| F|  |TAMS 0x000000008d500000| PB 0x000000008d500000| Untracked |  0
|  42|0x000000008d600000, 0x000000008d600000, 0x000000008d700000|  0%| F|  |TAMS 0x000000008d600000| PB 0x000000008d600000| Untracked |  0
|  43|0x000000008d700000, 0x000000008d700000, 0x000000008d800000|  0%| F|  |TAMS 0x000000008d700000| PB 0x000000008d700000| Untracked |  0
|  44|0x000000008d800000, 0x000000008d800000, 0x000000008d900000|  0%| F|  |TAMS 0x000000008d800000| PB 0x000000008d800000| Untracked |  0
|  45|0x000000008d900000, 0x000000008d900000, 0x000000008da00000|  0%| F|  |TAMS 0x000000008d900000| PB 0x000000008d900000| Untracked |  0
|  46|0x000000008da00000, 0x000000008da00000, 0x000000008db00000|  0%| F|  |TAMS 0x000000008da00000| PB 0x000000008da00000| Untracked |  0
|  47|0x000000008db00000, 0x000000008db00000, 0x000000008dc00000|  0%| F|  |TAMS 0x000000008db00000| PB 0x000000008db00000| Untracked |  0
|  48|0x000000008dc00000, 0x000000008dc00000, 0x000000008dd00000|  0%| F|  |TAMS 0x000000008dc00000| PB 0x000000008dc00000| Untracked |  0
|  49|0x000000008dd00000, 0x000000008dd00000, 0x000000008de00000|  0%| F|  |TAMS 0x000000008dd00000| PB 0x000000008dd00000| Untracked |  0
|  50|0x000000008de00000, 0x000000008de00000, 0x000000008df00000|  0%| F|  |TAMS 0x000000008de00000| PB 0x000000008de00000| Untracked |  0
|  51|0x000000008df00000, 0x000000008df00000, 0x000000008e000000|  0%| F|  |TAMS 0x000000008df00000| PB 0x000000008df00000| Untracked |  0
|  52|0x000000008e000000, 0x000000008e000000, 0x000000008e100000|  0%| F|  |TAMS 0x000000008e000000| PB 0x000000008e000000| Untracked |  0
|  53|0x000000008e100000, 0x000000008e100000, 0x000000008e200000|  0%| F|  |TAMS 0x000000008e100000| PB 0x000000008e100000| Untracked |  0
|  54|0x000000008e200000, 0x000000008e200000, 0x000000008e300000|  0%| F|  |TAMS 0x000000008e200000| PB 0x000000008e200000| Untracked |  0
|  55|0x000000008e300000, 0x000000008e300000, 0x000000008e400000|  0%| F|  |TAMS 0x000000008e300000| PB 0x000000008e300000| Untracked |  0
|  56|0x000000008e400000, 0x000000008e400000, 0x000000008e500000|  0%| F|  |TAMS 0x000000008e400000| PB 0x000000008e400000| Untracked |  0
|  57|0x000000008e500000, 0x000000008e500000, 0x000000008e600000|  0%| F|  |TAMS 0x000000008e500000| PB 0x000000008e500000| Untracked |  0
|  58|0x000000008e600000, 0x000000008e600000, 0x000000008e700000|  0%| F|  |TAMS 0x000000008e600000| PB 0x000000008e600000| Untracked |  0
|  59|0x000000008e700000, 0x000000008e700000, 0x000000008e800000|  0%| F|  |TAMS 0x000000008e700000| PB 0x000000008e700000| Untracked |  0
|  60|0x000000008e800000, 0x000000008e800000, 0x000000008e900000|  0%| F|  |TAMS 0x000000008e800000| PB 0x000000008e800000| Untracked |  0
|  61|0x000000008e900000, 0x000000008e900000, 0x000000008ea00000|  0%| F|  |TAMS 0x000000008e900000| PB 0x000000008e900000| Untracked |  0
|  62|0x000000008ea00000, 0x000000008ea00000, 0x000000008eb00000|  0%| F|  |TAMS 0x000000008ea00000| PB 0x000000008ea00000| Untracked |  0
|  63|0x000000008eb00000, 0x000000008eb00000, 0x000000008ec00000|  0%| F|  |TAMS 0x000000008eb00000| PB 0x000000008eb00000| Untracked |  0
|  64|0x000000008ec00000, 0x000000008ec00000, 0x000000008ed00000|  0%| F|  |TAMS 0x000000008ec00000| PB 0x000000008ec00000| Untracked |  0
|  65|0x000000008ed00000, 0x000000008ed00000, 0x000000008ee00000|  0%| F|  |TAMS 0x000000008ed00000| PB 0x000000008ed00000| Untracked |  0
|  66|0x000000008ee00000, 0x000000008ee00000, 0x000000008ef00000|  0%| F|  |TAMS 0x000000008ee00000| PB 0x000000008ee00000| Untracked |  0
|  67|0x000000008ef00000, 0x000000008ef00000, 0x000000008f000000|  0%| F|  |TAMS 0x000000008ef00000| PB 0x000000008ef00000| Untracked |  0
|  68|0x000000008f000000, 0x000000008f000000, 0x000000008f100000|  0%| F|  |TAMS 0x000000008f000000| PB 0x000000008f000000| Untracked |  0
|  69|0x000000008f100000, 0x000000008f100000, 0x000000008f200000|  0%| F|  |TAMS 0x000000008f100000| PB 0x000000008f100000| Untracked |  0
|  70|0x000000008f200000, 0x000000008f200000, 0x000000008f300000|  0%| F|  |TAMS 0x000000008f200000| PB 0x000000008f200000| Untracked |  0
|  71|0x000000008f300000, 0x000000008f300000, 0x000000008f400000|  0%| F|  |TAMS 0x000000008f300000| PB 0x000000008f300000| Untracked |  0
|  72|0x000000008f400000, 0x000000008f400000, 0x000000008f500000|  0%| F|  |TAMS 0x000000008f400000| PB 0x000000008f400000| Untracked |  0
|  73|0x000000008f500000, 0x000000008f500000, 0x000000008f600000|  0%| F|  |TAMS 0x000000008f500000| PB 0x000000008f500000| Untracked |  0
|  74|0x000000008f600000, 0x000000008f600000, 0x000000008f700000|  0%| F|  |TAMS 0x000000008f600000| PB 0x000000008f600000| Untracked |  0
|  75|0x000000008f700000, 0x000000008f700000, 0x000000008f800000|  0%| F|  |TAMS 0x000000008f700000| PB 0x000000008f700000| Untracked |  0
|  76|0x000000008f800000, 0x000000008f800000, 0x000000008f900000|  0%| F|  |TAMS 0x000000008f800000| PB 0x000000008f800000| Untracked |  0
|  77|0x000000008f900000, 0x000000008f900000, 0x000000008fa00000|  0%| F|  |TAMS 0x000000008f900000| PB 0x000000008f900000| Untracked |  0
|  78|0x000000008fa00000, 0x000000008fa00000, 0x000000008fb00000|  0%| F|  |TAMS 0x000000008fa00000| PB 0x000000008fa00000| Untracked |  0
|  79|0x000000008fb00000, 0x000000008fb00000, 0x000000008fc00000|  0%| F|  |TAMS 0x000000008fb00000| PB 0x000000008fb00000| Untracked |  0
|  80|0x000000008fc00000, 0x000000008fc00000, 0x000000008fd00000|  0%| F|  |TAMS 0x000000008fc00000| PB 0x000000008fc00000| Untracked |  0
|  81|0x000000008fd00000, 0x000000008fd00000, 0x000000008fe00000|  0%| F|  |TAMS 0x000000008fd00000| PB 0x000000008fd00000| Untracked |  0
|  82|0x000000008fe00000, 0x000000008fe00000, 0x000000008ff00000|  0%| F|  |TAMS 0x000000008fe00000| PB 0x000000008fe00000| Untracked |  0
|  83|0x000000008ff00000, 0x000000008ff00000, 0x0000000090000000|  0%| F|  |TAMS 0x000000008ff00000| PB 0x000000008ff00000| Untracked |  0
|  84|0x0000000090000000, 0x0000000090000000, 0x0000000090100000|  0%| F|  |TAMS 0x0000000090000000| PB 0x0000000090000000| Untracked |  0
|  85|0x0000000090100000, 0x0000000090100000, 0x0000000090200000|  0%| F|  |TAMS 0x0000000090100000| PB 0x0000000090100000| Untracked |  0
|  86|0x0000000090200000, 0x0000000090200000, 0x0000000090300000|  0%| F|  |TAMS 0x0000000090200000| PB 0x0000000090200000| Untracked |  0
|  87|0x0000000090300000, 0x0000000090300000, 0x0000000090400000|  0%| F|  |TAMS 0x0000000090300000| PB 0x0000000090300000| Untracked |  0
|  88|0x0000000090400000, 0x0000000090400000, 0x0000000090500000|  0%| F|  |TAMS 0x0000000090400000| PB 0x0000000090400000| Untracked |  0
|  89|0x0000000090500000, 0x0000000090500000, 0x0000000090600000|  0%| F|  |TAMS 0x0000000090500000| PB 0x0000000090500000| Untracked |  0
|  90|0x0000000090600000, 0x0000000090600000, 0x0000000090700000|  0%| F|  |TAMS 0x0000000090600000| PB 0x0000000090600000| Untracked |  0
|  91|0x0000000090700000, 0x0000000090700000, 0x0000000090800000|  0%| F|  |TAMS 0x0000000090700000| PB 0x0000000090700000| Untracked |  0
|  92|0x0000000090800000, 0x0000000090800000, 0x0000000090900000|  0%| F|  |TAMS 0x0000000090800000| PB 0x0000000090800000| Untracked |  0
|  93|0x0000000090900000, 0x0000000090900000, 0x0000000090a00000|  0%| F|  |TAMS 0x0000000090900000| PB 0x0000000090900000| Untracked |  0
|  94|0x0000000090a00000, 0x0000000090a00000, 0x0000000090b00000|  0%| F|  |TAMS 0x0000000090a00000| PB 0x0000000090a00000| Untracked |  0
|  95|0x0000000090b00000, 0x0000000090b00000, 0x0000000090c00000|  0%| F|  |TAMS 0x0000000090b00000| PB 0x0000000090b00000| Untracked |  0
|  96|0x0000000090c00000, 0x0000000090c00000, 0x0000000090d00000|  0%| F|  |TAMS 0x0000000090c00000| PB 0x0000000090c00000| Untracked |  0
|  97|0x0000000090d00000, 0x0000000090d00000, 0x0000000090e00000|  0%| F|  |TAMS 0x0000000090d00000| PB 0x0000000090d00000| Untracked |  0
|  98|0x0000000090e00000, 0x0000000090e00000, 0x0000000090f00000|  0%| F|  |TAMS 0x0000000090e00000| PB 0x0000000090e00000| Untracked |  0
|  99|0x0000000090f00000, 0x0000000090f00000, 0x0000000091000000|  0%| F|  |TAMS 0x0000000090f00000| PB 0x0000000090f00000| Untracked |  0
| 100|0x0000000091000000, 0x0000000091000000, 0x0000000091100000|  0%| F|  |TAMS 0x0000000091000000| PB 0x0000000091000000| Untracked |  0
| 101|0x0000000091100000, 0x0000000091100000, 0x0000000091200000|  0%| F|  |TAMS 0x0000000091100000| PB 0x0000000091100000| Untracked |  0
| 102|0x0000000091200000, 0x0000000091200000, 0x0000000091300000|  0%| F|  |TAMS 0x0000000091200000| PB 0x0000000091200000| Untracked |  0
| 103|0x0000000091300000, 0x0000000091300000, 0x0000000091400000|  0%| F|  |TAMS 0x0000000091300000| PB 0x0000000091300000| Untracked |  0
| 104|0x0000000091400000, 0x0000000091400000, 0x0000000091500000|  0%| F|  |TAMS 0x0000000091400000| PB 0x0000000091400000| Untracked |  0
| 105|0x0000000091500000, 0x0000000091500000, 0x0000000091600000|  0%| F|  |TAMS 0x0000000091500000| PB 0x0000000091500000| Untracked |  0
| 106|0x0000000091600000, 0x0000000091600000, 0x0000000091700000|  0%| F|  |TAMS 0x0000000091600000| PB 0x0000000091600000| Untracked |  0
| 107|0x0000000091700000, 0x0000000091700000, 0x0000000091800000|  0%| F|  |TAMS 0x0000000091700000| PB 0x0000000091700000| Untracked |  0
| 108|0x0000000091800000, 0x0000000091800000, 0x0000000091900000|  0%| F|  |TAMS 0x0000000091800000| PB 0x0000000091800000| Untracked |  0
| 109|0x0000000091900000, 0x0000000091900000, 0x0000000091a00000|  0%| F|  |TAMS 0x0000000091900000| PB 0x0000000091900000| Untracked |  0
| 110|0x0000000091a00000, 0x0000000091a00000, 0x0000000091b00000|  0%| F|  |TAMS 0x0000000091a00000| PB 0x0000000091a00000| Untracked |  0
| 111|0x0000000091b00000, 0x0000000091b00000, 0x0000000091c00000|  0%| F|  |TAMS 0x0000000091b00000| PB 0x0000000091b00000| Untracked |  0
| 112|0x0000000091c00000, 0x0000000091c00000, 0x0000000091d00000|  0%| F|  |TAMS 0x0000000091c00000| PB 0x0000000091c00000| Untracked |  0
| 113|0x0000000091d00000, 0x0000000091d00000, 0x0000000091e00000|  0%| F|  |TAMS 0x0000000091d00000| PB 0x0000000091d00000| Untracked |  0
| 114|0x0000000091e00000, 0x0000000091f00000, 0x0000000091f00000|100%| E|  |TAMS 0x0000000091e00000| PB 0x0000000091e00000| Complete |  0
| 115|0x0000000091f00000, 0x0000000092000000, 0x0000000092000000|100%| E|CS|TAMS 0x0000000091f00000| PB 0x0000000091f00000| Complete |  0
| 116|0x0000000092000000, 0x0000000092100000, 0x0000000092100000|100%| E|CS|TAMS 0x0000000092000000| PB 0x0000000092000000| Complete |  0
| 117|0x0000000092100000, 0x0000000092200000, 0x0000000092200000|100%| E|CS|TAMS 0x0000000092100000| PB 0x0000000092100000| Complete |  0
|1873|0x00000000ffd00000, 0x00000000ffe00000, 0x00000000ffe00000|100%| O|  |TAMS 0x00000000ffd00000| PB 0x00000000ffd00000| Untracked |  0
|1874|0x00000000ffe00000, 0x00000000fff00000, 0x00000000fff00000|100%| O|  |TAMS 0x00000000ffe00000| PB 0x00000000ffe00000| Untracked |  0
|1875|0x00000000fff00000, 0x00000000fff41038, 0x0000000100000000| 25%| O|  |TAMS 0x00000000fff00000| PB 0x00000000fff00000| Untracked |  0

Card table byte_map: [0x00000271797c0000,0x0000027179b70000] _byte_map_base: 0x000002717936a000

Marking Bits: (CMBitMap*) 0x0000027174b16880
 Bits: [0x0000027179b70000, 0x000002717b8c0000)

Polling page: 0x0000027172b70000

Metaspace:
Metaspace        used 568K, committed 704K, reserved 1114112K
 class space     used 44K, committed 128K, reserved 1048576K

Usage:
  Non-class:    524.49 KB used.
      Class:     44.43 KB used.
       Both:    568.92 KB used.

Virtual space:
  Non-class space:       64.00 MB reserved,     576.00 KB ( <1%) committed,  1 nodes.
      Class space:        1.00 GB reserved,     128.00 KB ( <1%) committed,  1 nodes.
             Both:        1.06 GB reserved,     704.00 KB ( <1%) committed. 

Chunk freelists:
   Non-Class:  11.97 MB
       Class:  15.74 MB
        Both:  27.71 MB

MaxMetaspaceSize: unlimited
CompressedClassSpaceSize: 1.00 GB
Initial GC threshold: 21.00 MB
Current GC threshold: 21.00 MB
CDS: on
 - commit_granule_bytes: 65536.
 - commit_granule_words: 8192.
 - virtual_space_node_default_size: 8388608.
 - enlarge_chunks_in_place: 1.
UseCompressedClassPointers 1, UseCompactObjectHeaders 0
Narrow klass pointer bits 32, Max shift 3
Narrow klass base: 0x0000000037000000, Narrow klass shift: 0
Encoding Range: [0x0000000037000000 - 0x0000000137000000), (4294967296 bytes)
Klass Range:    [0x0000000037010000 - 0x0000000079000000), (1107230720 bytes)
Klass ID Range:  [65536 - 1107296249) (1107230713)
Protection zone: [0x0000000037000000 - 0x0000000037010000), (65536 bytes)


Internal statistics:

num_allocs_failed_limit: 0.
num_arena_births: 10.
num_arena_deaths: 0.
num_vsnodes_births: 2.
num_vsnodes_deaths: 0.
num_space_committed: 11.
num_space_uncommitted: 0.
num_chunks_returned_to_freelist: 0.
num_chunks_taken_from_freelist: 13.
num_chunk_merges: 0.
num_chunk_splits: 12.
num_chunks_enlarged: 7.
num_inconsistent_stats: 0.

CodeHeap 'non-profiled nmethods': size=120064Kb used=80Kb max_used=80Kb free=119983Kb
 bounds [0x0000027107ac0000, 0x0000027107d30000, 0x000002710f000000]
CodeHeap 'profiled nmethods': size=120000Kb used=356Kb max_used=356Kb free=119644Kb
 bounds [0x0000027100000000, 0x0000027100270000, 0x0000027107530000]
CodeHeap 'non-nmethods': size=5696Kb used=1331Kb max_used=1331Kb free=4364Kb
 bounds [0x0000027107530000, 0x00000271077a0000, 0x0000027107ac0000]
CodeCache: size=245760Kb, used=1767Kb, max_used=1767Kb, free=243991Kb
 total_blobs=802, nmethods=347, adapters=358, full_count=0
Compilation: enabled, stopped_count=0, restarted_count=0

Compilation events (20 events):
Event: 2.728 Thread 0x000002717e5241a0  254       3       java.lang.ThreadLocal::get (35 bytes)
Event: 2.729 Thread 0x000002717e5241a0 nmethod 254 0x000002710003e388 code [0x000002710003e480, 0x000002710003e9e8]
Event: 2.729 Thread 0x000002717e5241a0  256       3       java.util.regex.Pattern::peek (26 bytes)
Event: 2.730 Thread 0x000002717e5241a0 nmethod 256 0x000002710003ea08 code [0x000002710003eb00, 0x000002710003ed50]
Event: 2.730 Thread 0x000002717e5241a0  257       3       java.util.regex.Pattern::append (43 bytes)
Event: 2.731 Thread 0x000002717e5241a0 nmethod 257 0x000002710003ed88 code [0x000002710003ee80, 0x000002710003f240]
Event: 2.731 Thread 0x000002717e5241a0  255       3       java.lang.ThreadLocal$ThreadLocalMap::getEntry (42 bytes)
Event: 2.731 Thread 0x000002717e5241a0 nmethod 255 0x000002710003f288 code [0x000002710003f380, 0x000002710003f7b0]
Event: 2.732 Thread 0x000002717e4ec120  258       4       java.lang.StringLatin1::toUpperCase (219 bytes)
Event: 2.734 Thread 0x000002717e5241a0  259       3       java.lang.ThreadLocal::get (8 bytes)
Event: 2.734 Thread 0x000002717e5241a0 nmethod 259 0x000002710003f808 code [0x000002710003f900, 0x000002710003fa50]
Event: 2.756 Thread 0x000002717e5241a0  260       3       java.lang.ref.Reference::<init> (25 bytes)
Event: 2.756 Thread 0x000002717e5241a0 nmethod 260 0x000002710003fb08 code [0x000002710003fc00, 0x000002710003fe68]
Event: 2.766 Thread 0x000002717e5241a0  261       3       java.util.Arrays::asList (9 bytes)
Event: 2.767 Thread 0x000002717e5241a0 nmethod 261 0x000002710003fe88 code [0x000002710003ff80, 0x00000271000403f0]
Event: 2.768 Thread 0x000002717e5241a0  262       3       java.util.Arrays$ArrayList::<init> (16 bytes)
Event: 2.768 Thread 0x000002717e5241a0 nmethod 262 0x0000027100040408 code [0x0000027100040500, 0x00000271000408d0]
Event: 2.776 Thread 0x000002717e5241a0  263       3       java.util.Collections::emptyList (4 bytes)
Event: 2.777 Thread 0x000002717e5241a0 nmethod 263 0x0000027100040908 code [0x0000027100040a00, 0x0000027100040af0]
Event: 2.777 Thread 0x000002717e5241a0  264       3       sun.security.ssl.CipherSuite::<init> (112 bytes)

GC Heap Usage History (0 events):
No events

Metaspace Usage History (0 events):
No events

Dll operation events (2 events):
Event: 0.117 Loaded shared library C:\Users\elsa_\AppData\Local\Programs\IntelliJ IDEA 2026.1.1\jbr\bin\java.dll
Event: 2.442 Loaded shared library C:\Users\elsa_\AppData\Local\Programs\IntelliJ IDEA 2026.1.1\jbr\bin\zip.dll

Deoptimization events (0 events):
No events

Classes loaded (6 events):
Event: 2.071 Loading class jdk/internal/vm/PostVMInitHook
Event: 2.082 Loading class jdk/internal/vm/PostVMInitHook done
Event: 2.424 Loading class jdk/internal/event/SecurityProviderServiceEvent
Event: 2.443 Loading class jdk/internal/event/Event
Event: 2.451 Loading class jdk/internal/event/Event done
Event: 2.451 Loading class jdk/internal/event/SecurityProviderServiceEvent done

Classes unloaded (0 events):
No events

Classes redefined (0 events):
No events

Internal exceptions (1 events):
Event: 2.595 Thread 0x00000271727348a0 Exception <a 'sun/nio/fs/WindowsException'{0x0000000091fe8ac0}> (0x0000000091fe8ac0) 
thrown [s\src\hotspot\share\prims\jni.cpp, line 535]

VM Operations (0 events):
No events

Memory protections (0 events):
No events

Nmethod flushes (0 events):
No events

Events (15 events):
Event: 1.833 Thread 0x00000271727348a0 Thread added: 0x00000271727348a0
Event: 1.943 Thread 0x00000271727348a0 Thread added: 0x000002717e4da6e0
Event: 1.949 Thread 0x00000271727348a0 Thread added: 0x000002717e4e0300
Event: 1.950 Thread 0x00000271727348a0 Thread added: 0x000002717e4e1160
Event: 1.951 Thread 0x00000271727348a0 Thread added: 0x000002717e4e2d30
Event: 1.952 Thread 0x00000271727348a0 Thread added: 0x000002717e4e38f0
Event: 1.952 Thread 0x00000271727348a0 Thread added: 0x000002717e4e5470
Event: 1.952 Thread 0x00000271727348a0 Thread added: 0x000002717e4e6030
Event: 1.953 Thread 0x00000271727348a0 Thread added: 0x000002717e4ec120
Event: 1.961 Thread 0x00000271727348a0 Thread added: 0x000002717e5241a0
Event: 2.071 Thread 0x00000271727348a0 Thread added: 0x000002717e6cc080
Event: 2.127 Loaded shared library C:\Users\elsa_\AppData\Local\Programs\IntelliJ IDEA 2026.1.1\jbr\bin\net.dll
Event: 2.149 Loaded shared library C:\Users\elsa_\AppData\Local\Programs\IntelliJ IDEA 2026.1.1\jbr\bin\nio.dll
Event: 2.174 Loaded shared library C:\Users\elsa_\AppData\Local\Programs\IntelliJ IDEA 2026.1.1\jbr\bin\zip.dll
Event: 2.627 Loaded shared library C:\Users\elsa_\AppData\Local\Programs\IntelliJ IDEA 2026.1.1\jbr\bin\jimage.dll


Dynamic libraries:
0x00007ff765ab0000 - 0x00007ff765aba000 	C:\Users\elsa_\AppData\Local\Programs\IntelliJ IDEA 2026.1.1\jbr\bin\java.exe
0x00007fff99560000 - 0x00007fff997c7000 	C:\WINDOWS\SYSTEM32\ntdll.dll
0x00007fff97d70000 - 0x00007fff97e39000 	C:\WINDOWS\System32\KERNEL32.DLL
0x00007fff960e0000 - 0x00007fff964d7000 	C:\WINDOWS\System32\KERNELBASE.dll
0x00007fff95f90000 - 0x00007fff960db000 	C:\WINDOWS\System32\ucrtbase.dll
0x00007fff7acc0000 - 0x00007fff7acd7000 	C:\Users\elsa_\AppData\Local\Programs\IntelliJ IDEA 2026.1.1\jbr\bin\jli.dll
0x00007fff98e10000 - 0x00007fff98fd6000 	C:\WINDOWS\System32\USER32.dll
0x00007fff96610000 - 0x00007fff96637000 	C:\WINDOWS\System32\win32u.dll
0x00007fff98110000 - 0x00007fff9813b000 	C:\WINDOWS\System32\GDI32.dll
0x00007fff964e0000 - 0x00007fff9660c000 	C:\WINDOWS\System32\gdi32full.dll
0x00007fff967c0000 - 0x00007fff96863000 	C:\WINDOWS\System32\msvcp_win.dll
0x00007fff77ee0000 - 0x00007fff78172000 	C:\WINDOWS\WinSxS\amd64_microsoft.windows.common-controls_6595b64144ccf1df_6.0.26100.8457_none_3e0b2faee331e92d\COMCTL32.dll
0x00007fff91260000 - 0x00007fff9127e000 	C:\Users\elsa_\AppData\Local\Programs\IntelliJ IDEA 2026.1.1\jbr\bin\VCRUNTIME140.dll
0x00007fff97cc0000 - 0x00007fff97d69000 	C:\WINDOWS\System32\msvcrt.dll
0x00007fff98dd0000 - 0x00007fff98e02000 	C:\WINDOWS\System32\IMM32.DLL
0x00007fff91250000 - 0x00007fff9125c000 	C:\Users\elsa_\AppData\Local\Programs\IntelliJ IDEA 2026.1.1\jbr\bin\vcruntime140_1.dll
0x00007fff6b880000 - 0x00007fff6b909000 	C:\Users\elsa_\AppData\Local\Programs\IntelliJ IDEA 2026.1.1\jbr\bin\msvcp140.dll
0x00007ffeef540000 - 0x00007ffef0492000 	C:\Users\elsa_\AppData\Local\Programs\IntelliJ IDEA 2026.1.1\jbr\bin\server\jvm.dll
0x00007fff978c0000 - 0x00007fff97976000 	C:\WINDOWS\System32\ADVAPI32.dll
0x00007fff98fe0000 - 0x00007fff99087000 	C:\WINDOWS\System32\sechost.dll
0x00007fff975f0000 - 0x00007fff97708000 	C:\WINDOWS\System32\RPCRT4.dll
0x00007fff98d40000 - 0x00007fff98dc0000 	C:\WINDOWS\System32\WS2_32.dll
0x00007fff95df0000 - 0x00007fff95e4e000 	C:\WINDOWS\SYSTEM32\POWRPROF.dll
0x00007fff8eca0000 - 0x00007fff8ecd6000 	C:\WINDOWS\SYSTEM32\WINMM.dll
0x00007fff8ece0000 - 0x00007fff8eceb000 	C:\WINDOWS\SYSTEM32\VERSION.dll
0x00007fff95dd0000 - 0x00007fff95de4000 	C:\WINDOWS\SYSTEM32\UMPDC.dll
0x00007fff94d20000 - 0x00007fff94d3b000 	C:\WINDOWS\SYSTEM32\kernel.appcore.dll
0x00007fff90330000 - 0x00007fff9033a000 	C:\Users\elsa_\AppData\Local\Programs\IntelliJ IDEA 2026.1.1\jbr\bin\jimage.dll
0x00007fff8a9d0000 - 0x00007fff8ac12000 	C:\WINDOWS\SYSTEM32\DBGHELP.DLL
0x00007fff989b0000 - 0x00007fff98d33000 	C:\WINDOWS\System32\combase.dll
0x00007fff98030000 - 0x00007fff98109000 	C:\WINDOWS\System32\OLEAUT32.dll
0x00007fff793f0000 - 0x00007fff7942b000 	C:\WINDOWS\SYSTEM32\dbgcore.DLL
0x00007fff96870000 - 0x00007fff96918000 	C:\WINDOWS\System32\bcryptPrimitives.dll
0x00007fff90310000 - 0x00007fff9032f000 	C:\Users\elsa_\AppData\Local\Programs\IntelliJ IDEA 2026.1.1\jbr\bin\java.dll
0x00007fff97720000 - 0x00007fff978b7000 	C:\WINDOWS\System32\ole32.dll
0x00007fff98230000 - 0x00007fff9899e000 	C:\WINDOWS\System32\SHELL32.dll
0x00007fff96a70000 - 0x00007fff972dc000 	C:\WINDOWS\System32\windows.storage.dll
0x00007fff97af0000 - 0x00007fff97be6000 	C:\WINDOWS\System32\SHCORE.dll
0x00007fff97980000 - 0x00007fff979e6000 	C:\WINDOWS\System32\shlwapi.dll
0x00007fff95eb0000 - 0x00007fff95ed9000 	C:\WINDOWS\SYSTEM32\profapi.dll
0x00007fff90090000 - 0x00007fff900a2000 	C:\Users\elsa_\AppData\Local\Programs\IntelliJ IDEA 2026.1.1\jbr\bin\net.dll
0x00007fff95290000 - 0x00007fff952fc000 	C:\WINDOWS\system32\mswsock.dll
0x00007fff90070000 - 0x00007fff90086000 	C:\Users\elsa_\AppData\Local\Programs\IntelliJ IDEA 2026.1.1\jbr\bin\nio.dll
0x00007fff900b0000 - 0x00007fff900c7000 	C:\Users\elsa_\AppData\Local\Programs\IntelliJ IDEA 2026.1.1\jbr\bin\zip.dll

JVMTI agents: none

dbghelp: loaded successfully - version: 4.0.5 - missing functions: none
symbol engine: initialized successfully - sym options: 0x614 - pdb path: .;C:\Users\elsa_\AppData\Local\Programs\IntelliJ IDEA 2026.1.1\jbr\bin;C:\WINDOWS\SYSTEM32;C:\WINDOWS\WinSxS\amd64_microsoft.windows.common-controls_6595b64144ccf1df_6.0.26100.8457_none_3e0b2faee331e92d;C:\Users\elsa_\AppData\Local\Programs\IntelliJ IDEA 2026.1.1\jbr\bin\server

VM Arguments:
java_command: git4idea.http.GitAskPassApp Password for 'https://github.com': 
java_class_path (initial): C:/Users/elsa_/AppData/Local/Programs/IntelliJ IDEA 2026.1.1/plugins/vcs-git/lib/git4idea-rt.jar;C:/Users/elsa_/AppData/Local/Programs/IntelliJ IDEA 2026.1.1/lib/externalProcess-rt.jar
Launcher Type: SUN_STANDARD

[Global flags]
     intx CICompilerCount                          = 4                                         {product} {ergonomic}
     uint ConcGCThreads                            = 3                                         {product} {ergonomic}
     uint G1ConcRefinementThreads                  = 10                                        {product} {ergonomic}
   size_t G1HeapRegionSize                         = 1048576                                   {product} {ergonomic}
   size_t InitialHeapSize                          = 123731968                                 {product} {ergonomic}
   size_t MarkStackSize                            = 4194304                                   {product} {ergonomic}
   size_t MarkStackSizeMax                         = 536870912                                 {product} {ergonomic}
   size_t MaxHeapSize                              = 1967128576                                {product} {ergonomic}
   size_t MaxNewSize                               = 1179648000                                {product} {ergonomic}
   size_t MinHeapDeltaBytes                        = 1048576                                   {product} {ergonomic}
   size_t MinHeapSize                              = 8388608                                   {product} {ergonomic}
    uintx NonNMethodCodeHeapSize                   = 5832704                                {pd product} {ergonomic}
    uintx NonProfiledCodeHeapSize                  = 122945536                              {pd product} {ergonomic}
    uintx ProfiledCodeHeapSize                     = 122880000                              {pd product} {ergonomic}
    uintx ReservedCodeCacheSize                    = 251658240                              {pd product} {ergonomic}
     bool SegmentedCodeCache                       = true                                      {product} {ergonomic}
   size_t SoftMaxHeapSize                          = 1967128576                             {manageable} {ergonomic}
     bool UseCompressedOops                        = true                           {product lp64_product} {ergonomic}
     bool UseG1GC                                  = true                                      {product} {ergonomic}
     bool UseLargePagesIndividualAllocation        = false                                  {pd product} {ergonomic}

Logging:
Log output configuration:
 #0: stdout all=warning uptime,level,tags foldmultilines=false
 #1: stderr all=off uptime,level,tags foldmultilines=false

Release file:
JAVA_VERSION="25.0.2" 
MODULES="java.base java.datatransfer java.xml java.prefs java.desktop gluegen.rt java.compiler java.instrument java.logging java.management java.security.sasl java.naming java.rmi java.management.rmi java.net.http java.scripting java.security.jgss java.transaction.xa java.sql java.sql.rowset java.xml.crypto java.se java.smartcardio jogl.all jcef jdk.accessibility jdk.internal.jvmstat jdk.attach jdk.charsets jdk.internal.opt jdk.zipfs jdk.compiler jdk.crypto.cryptoki jdk.crypto.ec jdk.crypto.mscapi jdk.dynalink jdk.hotspot.agent jdk.httpserver jdk.internal.ed jdk.internal.le jdk.internal.md jdk.internal.vm.ci jdk.javadoc jdk.jcmd jdk.jdwp.agent jdk.jdi jdk.jfr jdk.localedata jdk.management jdk.management.agent jdk.management.jfr jdk.naming.dns jdk.naming.rmi jdk.net jdk.sctp jdk.security.auth jdk.security.jgss jdk.unsupported jdk.unsupported.desktop jdk.xml.dom" 
IMPLEMENTOR="JetBrains s.r.o." 
IMPLEMENTOR_VERSION="JBR-25.0.2+1-329.117-jcef" 
JAVA_RUNTIME_VERSION="25.0.2+1-b329.117" 
LIBC="default" 
OS_ARCH="x86_64" 
OS_NAME="Windows" 
SOURCE=".:git:b692a8ec6ff7+ jcef_git:git:4a605f44671a" 
JCEF_VERSION="137.0.17.1142+g68de80b" 
JCEF_COMMIT_HASH="68de80bc86de497c8d0632ad0f8fe33625b33bff" 
JCEF_VERSION_DETAILED=137.0.17-gf354b0e-chromium-137.0.7151.104-api-1.21-261-b81

Environment Variables:
PATH=C:\Program Files\Git\mingw64\libexec\git-core;C:\Program Files\Git\mingw64\libexec\git-core;C:\Program Files\Git\mingw64\bin;C:\Program Files\Git\usr\bin;C:\Users\elsa_\bin;C:\Program Files\Eclipse Adoptium\jdk-11.0.31.11-hotspot\bin;C:\Program Files\Common Files\Oracle\Java\javapath;C:\WINDOWS\system32;C:\WINDOWS;C:\WINDOWS\System32\Wbem;C:\WINDOWS\System32\WindowsPowerShell\v1.0;C:\WINDOWS\System32\OpenSSH;C:\Program Files\Git\cmd;C:\WINDOWS\system32;C:\WINDOWS;C:\WINDOWS\System32\Wbem;C:\WINDOWS\System32\WindowsPowerShell\v1.0;C:\WINDOWS\System32\OpenSSH;C:\Program Files\dotnet;C:\Users\elsa_\AppData\Local\Microsoft\WindowsApps;C:\Users\elsa_\AppData\Local\Programs\Microsoft VS Code\bin;C:\Users\elsa_\AppData\Local\Programs\IntelliJ IDEA 2026.1.1\bin;C:\Users\elsa_\Desktop\herramientas\apache-maven-3.9.16-bin\apache-maven-3.9.16\bin
USERNAME=elsa_
DISPLAY=:0.0
LC_ALL=en_US.UTF-8
TERM=xterm-256color
TMPDIR=C:\Users\elsa_\AppData\Local\Temp
OS=Windows_NT
PROCESSOR_IDENTIFIER=AMD64 Family 23 Model 104 Stepping 1, AuthenticAMD
TMP=C:\Users\elsa_\AppData\Local\Temp
TEMP=C:\Users\elsa_\AppData\Local\Temp




Compilation memory statistics disabled.

Periodic native trim disabled

JNI global refs:
JNI global refs: 8, weak refs: 0

JNI global refs memory usage: 835, weak refs: 201

Process memory usage:
Resident Set Size: 61868K (0% of 7681732K total physical memory with 206144K free physical memory)

OOME stack traces (most recent first):
Classloader memory used:
Loader bootstrap                                                                       : 542 K
Loader jdk.internal.loader.ClassLoaders$AppClassLoader                                 : 27328 B

---------------  S Y S T E M  ---------------

OS:
 Windows 11 , 64 bit Build 26100 (10.0.26100.8328)
OS uptime: 9 days 16:09 hours
Hyper-V role detected

CPU: total 12 (initial active 12) (12 cores per cpu, 2 threads per core) family 23 model 104 stepping 1 microcode 0x8608107, cx8, cmov, fxsr, ht, mmx, 3dnowpref, sse, sse2, sse3, ssse3, sse4a, sse4.1, sse4.2, popcnt, lzcnt, tsc, tscinvbit, avx, avx2, aes, clmul, bmi1, bmi2, adx, sha, fma, vzeroupper, clflush, clflushopt, clwb, hv, rdtscp, rdpid, f16c
Processor Information for the first 12 processors :
  Max Mhz: 2100, Current Mhz: 2100, Mhz Limit: 2100

Memory: 4k page, system-wide physical 7501M (199M free)
TotalPageFile size 30029M (AvailPageFile size 32M)
current process WorkingSet (physical memory assigned to process): 60M, peak: 60M
current process commit charge ("private bytes"): 223M, peak: 226M

vm_info: OpenJDK 64-Bit Server VM (25.0.2+1-b329.117) for windows-amd64 JRE (25.0.2+1-b329.117), built on 2026-04-20 with MS VC++ 17.14 (VS2022)

END.
